{
  "RSpec": {
    "coverage": {
      "/Users/edwardthomas/Projects/PostCourse/songkick-tech-test/spec/scraper_spec.rb": [
        null,
        null,
        1,
        null,
        1,
        2,
        null,
        1,
        1,
        null,
        null,
        1,
        null,
        null,
        null,
        null,
        null,
        null,
        null,
        null,
        null,
        null,
        null,
        null,
        null,
        null,
        null,
        null,
        null,
        null,
        null,
        null,
        null,
        null,
        null,
        null,
        null,
        null,
        1,
        2,
        null,
        null,
        null
      ],
      "/Users/edwardthomas/Projects/PostCourse/songkick-tech-test/lib/scraper.rb": [
        null,
        null,
        1,
        1,
        1,
        null,
        1,
        1,
        null,
        1,
        null,
        1,
        1,
        1,
        1,
        1,
        null,
        null,
        1,
        1,
        1,
        1,
        null,
        null,
        1,
        0,
        0,
        null,
        null,
        null,
        1,
        1,
        1,
        1,
        1,
        1,
        null,
        0,
        null,
        1,
        1,
        1,
        null,
        null,
        null,
        1,
        1,
        1,
        1,
        3,
        null,
        null,
        null,
        1,
        1,
        1,
        3,
        3,
        0,
        3,
        3,
        null,
        null,
        1,
        0,
        0,
        null,
        null,
        null,
        1,
        0,
        null,
        null,
        1,
        3,
        null,
        null,
        1,
        3,
        null,
        null,
        1,
        3,
        null,
        null,
        1,
        3,
        null,
        null,
        1,
        3,
        null,
        null,
        1,
        3,
        1,
        2,
        1,
        null,
        1,
        null,
        null,
        null
      ]
    },
    "timestamp": 1549984190
  }
}
